[2025-12-08 08:04:41.898441] 开始执行: D:\anaconda\envs\ljn\python.exe F:\LJN\bishe\bishe\IS2B\rIS2B_nakagmi_resnet_adjust\train_cos.py
--------------------------------------------------
Building DilatedTimeResNet1D on cuda...
🚀 Start Training with Warmup(5) + Cosine...
Base LR: 5.00e-04, Loss: 0.8*L1 + 0.19999999999999996*L2

                                                                              
[Epoch 1] Train: 0.13112 | Val: 0.09896 | LR: 1.40e-04
--> Best Model Saved.

                                                                              
[Epoch 2] Train: 0.11554 | Val: 0.09842 | LR: 2.30e-04
--> Best Model Saved.

                                                                              
[Epoch 3] Train: 0.11202 | Val: 0.09270 | LR: 3.20e-04
--> Best Model Saved.

                                                                              
[Epoch 4] Train: 0.10941 | Val: 0.08981 | LR: 4.10e-04
--> Best Model Saved.

                                                                              
D:\anaconda\envs\ljn\lib\site-packages\torch\optim\lr_scheduler.py:198: UserWarning: The epoch parameter in `scheduler.step()` was not necessary and is being deprecated where possible. Please use `scheduler.step()` to step the scheduler. During the deprecation, if epoch is different from None, the closed form is used instead of the new chainable form, where available. Please open an issue if you are unable to replicate your use case: https://github.com/pytorch/pytorch/issues/new/choose.
  warnings.warn(EPOCH_DEPRECATION_WARNING, UserWarning)
[Epoch 5] Train: 0.10753 | Val: 0.08761 | LR: 5.00e-04
--> Best Model Saved.

                                                                              
[Epoch 6] Train: 0.10609 | Val: 0.08587 | LR: 5.00e-04
--> Best Model Saved.

                                                                              
[Epoch 7] Train: 0.10414 | Val: 0.08703 | LR: 5.00e-04

                                                                              
[Epoch 8] Train: 0.10285 | Val: 0.08410 | LR: 5.00e-04
--> Best Model Saved.

                                                                              
[Epoch 9] Train: 0.10215 | Val: 0.08304 | LR: 4.99e-04
--> Best Model Saved.

                                                                               
[Epoch 10] Train: 0.10134 | Val: 0.08301 | LR: 4.99e-04
--> Best Model Saved.

                                                                               
[Epoch 11] Train: 0.10040 | Val: 0.08168 | LR: 4.99e-04
--> Best Model Saved.

                                                                               
[Epoch 12] Train: 0.10063 | Val: 0.08090 | LR: 4.98e-04
--> Best Model Saved.

                                                                               
[Epoch 13] Train: 0.10007 | Val: 0.08117 | LR: 4.98e-04

                                                                               
[Epoch 14] Train: 0.09964 | Val: 0.08068 | LR: 4.97e-04
--> Best Model Saved.

                                                                               
[Epoch 15] Train: 0.09921 | Val: 0.08104 | LR: 4.97e-04

                                                                               
[Epoch 16] Train: 0.09924 | Val: 0.07942 | LR: 4.96e-04
--> Best Model Saved.

                                                                               
[Epoch 17] Train: 0.09844 | Val: 0.07910 | LR: 4.95e-04
--> Best Model Saved.

                                                                               
[Epoch 18] Train: 0.09844 | Val: 0.07992 | LR: 4.95e-04

                                                                               
[Epoch 19] Train: 0.09805 | Val: 0.07956 | LR: 4.94e-04

                                                                               
[Epoch 20] Train: 0.09803 | Val: 0.08008 | LR: 4.93e-04

                                                                               
[Epoch 21] Train: 0.09806 | Val: 0.07917 | LR: 4.92e-04

                                                                               
[Epoch 22] Train: 0.09790 | Val: 0.07790 | LR: 4.91e-04
--> Best Model Saved.

                                                                               
[Epoch 23] Train: 0.09769 | Val: 0.07865 | LR: 4.90e-04

                                                                               
[Epoch 24] Train: 0.09748 | Val: 0.07894 | LR: 4.88e-04

                                                                               
[Epoch 25] Train: 0.09738 | Val: 0.07759 | LR: 4.87e-04
--> Best Model Saved.

                                                                               
[Epoch 26] Train: 0.09709 | Val: 0.07822 | LR: 4.86e-04

                                                                               
[Epoch 27] Train: 0.09716 | Val: 0.07986 | LR: 4.84e-04

                                                                               
[Epoch 28] Train: 0.09706 | Val: 0.07917 | LR: 4.83e-04

                                                                               
[Epoch 29] Train: 0.09716 | Val: 0.07897 | LR: 4.82e-04

                                                                               
[Epoch 30] Train: 0.09687 | Val: 0.07691 | LR: 4.80e-04
--> Best Model Saved.

                                                                               
[Epoch 31] Train: 0.09673 | Val: 0.07778 | LR: 4.78e-04

                                                                               
[Epoch 32] Train: 0.09675 | Val: 0.07760 | LR: 4.77e-04

                                                                               
[Epoch 33] Train: 0.09641 | Val: 0.07805 | LR: 4.75e-04

                                                                               
[Epoch 34] Train: 0.09660 | Val: 0.07695 | LR: 4.73e-04

                                                                               
[Epoch 35] Train: 0.09655 | Val: 0.07726 | LR: 4.71e-04

                                                                               
[Epoch 36] Train: 0.09636 | Val: 0.07756 | LR: 4.70e-04

                                                                               
[Epoch 37] Train: 0.09586 | Val: 0.07737 | LR: 4.68e-04

                                                                               
[Epoch 38] Train: 0.09584 | Val: 0.07760 | LR: 4.66e-04

                                                                               
[Epoch 39] Train: 0.09615 | Val: 0.07763 | LR: 4.63e-04

                                                                               
[Epoch 40] Train: 0.09608 | Val: 0.07694 | LR: 4.61e-04

                                                                               
[Epoch 41] Train: 0.09622 | Val: 0.07767 | LR: 4.59e-04

                                                                               
[Epoch 42] Train: 0.09606 | Val: 0.07718 | LR: 4.57e-04

                                                                               
[Epoch 43] Train: 0.09560 | Val: 0.07705 | LR: 4.55e-04

                                                                               
[Epoch 44] Train: 0.09570 | Val: 0.07744 | LR: 4.52e-04

                                                                               
[Epoch 45] Train: 0.09569 | Val: 0.07725 | LR: 4.50e-04

                                                                               
[Epoch 46] Train: 0.09563 | Val: 0.07623 | LR: 4.48e-04
--> Best Model Saved.

                                                                               
[Epoch 47] Train: 0.09563 | Val: 0.07687 | LR: 4.45e-04

                                                                               
[Epoch 48] Train: 0.09559 | Val: 0.07687 | LR: 4.42e-04

                                                                               
[Epoch 49] Train: 0.09546 | Val: 0.07709 | LR: 4.40e-04

                                                                               
[Epoch 50] Train: 0.09556 | Val: 0.07701 | LR: 4.37e-04

                                                                               
[Epoch 51] Train: 0.09520 | Val: 0.07705 | LR: 4.35e-04

                                                                               
[Epoch 52] Train: 0.09545 | Val: 0.07689 | LR: 4.32e-04

                                                                               
[Epoch 53] Train: 0.09533 | Val: 0.07683 | LR: 4.29e-04

                                                                               
[Epoch 54] Train: 0.09530 | Val: 0.07649 | LR: 4.26e-04

                                                                               
[Epoch 55] Train: 0.09503 | Val: 0.07621 | LR: 4.23e-04
--> Best Model Saved.

                                                                               
[Epoch 56] Train: 0.09519 | Val: 0.07588 | LR: 4.20e-04
--> Best Model Saved.

                                                                               
[Epoch 57] Train: 0.09532 | Val: 0.07737 | LR: 4.17e-04

                                                                               
[Epoch 58] Train: 0.09548 | Val: 0.07597 | LR: 4.14e-04

                                                                               
[Epoch 59] Train: 0.09506 | Val: 0.07628 | LR: 4.11e-04

                                                                               
[Epoch 60] Train: 0.09570 | Val: 0.07622 | LR: 4.08e-04

                                                                               
[Epoch 61] Train: 0.09507 | Val: 0.07601 | LR: 4.05e-04

                                                                               
[Epoch 62] Train: 0.09484 | Val: 0.07594 | LR: 4.02e-04

                                                                               
[Epoch 63] Train: 0.09494 | Val: 0.07577 | LR: 3.99e-04
--> Best Model Saved.

                                                                               
[Epoch 64] Train: 0.09494 | Val: 0.07651 | LR: 3.96e-04

                                                                               
[Epoch 65] Train: 0.09467 | Val: 0.07562 | LR: 3.92e-04
--> Best Model Saved.

                                                                               
[Epoch 66] Train: 0.09472 | Val: 0.07544 | LR: 3.89e-04
--> Best Model Saved.

                                                                               
[Epoch 67] Train: 0.09503 | Val: 0.07655 | LR: 3.86e-04

                                                                               
[Epoch 68] Train: 0.09473 | Val: 0.07570 | LR: 3.82e-04

                                                                               
[Epoch 69] Train: 0.09456 | Val: 0.07636 | LR: 3.79e-04

                                                                               
[Epoch 70] Train: 0.09488 | Val: 0.07670 | LR: 3.75e-04

                                                                               
[Epoch 71] Train: 0.09481 | Val: 0.07566 | LR: 3.72e-04

                                                                               
[Epoch 72] Train: 0.09461 | Val: 0.07539 | LR: 3.68e-04
--> Best Model Saved.

                                                                               
[Epoch 73] Train: 0.09449 | Val: 0.07556 | LR: 3.65e-04

                                                                               
[Epoch 74] Train: 0.09454 | Val: 0.07529 | LR: 3.61e-04
--> Best Model Saved.

                                                                               
[Epoch 75] Train: 0.09487 | Val: 0.07595 | LR: 3.57e-04

                                                                               
[Epoch 76] Train: 0.09449 | Val: 0.07523 | LR: 3.54e-04
--> Best Model Saved.

                                                                               
[Epoch 77] Train: 0.09463 | Val: 0.07543 | LR: 3.50e-04

                                                                               
[Epoch 78] Train: 0.09448 | Val: 0.07560 | LR: 3.46e-04

                                                                               
[Epoch 79] Train: 0.09445 | Val: 0.07596 | LR: 3.43e-04

                                                                               
[Epoch 80] Train: 0.09442 | Val: 0.07552 | LR: 3.39e-04

                                                                               
[Epoch 81] Train: 0.09429 | Val: 0.07512 | LR: 3.35e-04
--> Best Model Saved.

                                                                               
[Epoch 82] Train: 0.09429 | Val: 0.07561 | LR: 3.31e-04

                                                                               
[Epoch 83] Train: 0.09424 | Val: 0.07525 | LR: 3.28e-04

                                                                               
[Epoch 84] Train: 0.09383 | Val: 0.07483 | LR: 3.24e-04
--> Best Model Saved.

                                                                               
[Epoch 85] Train: 0.09407 | Val: 0.07487 | LR: 3.20e-04

                                                                               
[Epoch 86] Train: 0.09415 | Val: 0.07532 | LR: 3.16e-04

                                                                               
[Epoch 87] Train: 0.09411 | Val: 0.07541 | LR: 3.12e-04

                                                                               
[Epoch 88] Train: 0.09422 | Val: 0.07496 | LR: 3.08e-04

                                                                               
[Epoch 89] Train: 0.09381 | Val: 0.07560 | LR: 3.04e-04

                                                                               
[Epoch 90] Train: 0.09422 | Val: 0.07478 | LR: 3.00e-04
--> Best Model Saved.

                                                                               
[Epoch 91] Train: 0.09398 | Val: 0.07463 | LR: 2.96e-04
--> Best Model Saved.

                                                                               
[Epoch 92] Train: 0.09398 | Val: 0.07481 | LR: 2.93e-04

                                                                               
[Epoch 93] Train: 0.09411 | Val: 0.07564 | LR: 2.89e-04

                                                                               
[Epoch 94] Train: 0.09393 | Val: 0.07620 | LR: 2.85e-04

                                                                               
[Epoch 95] Train: 0.09401 | Val: 0.07487 | LR: 2.81e-04

                                                                               
[Epoch 96] Train: 0.09383 | Val: 0.07467 | LR: 2.77e-04

                                                                               
[Epoch 97] Train: 0.09385 | Val: 0.07512 | LR: 2.73e-04

                                                                               
[Epoch 98] Train: 0.09395 | Val: 0.07469 | LR: 2.69e-04

                                                                               
[Epoch 99] Train: 0.09374 | Val: 0.07539 | LR: 2.65e-04

                                                                                
[Epoch 100] Train: 0.09377 | Val: 0.07541 | LR: 2.61e-04

                                                                                
[Epoch 101] Train: 0.09348 | Val: 0.07554 | LR: 2.57e-04

                                                                                
[Epoch 102] Train: 0.09391 | Val: 0.07397 | LR: 2.53e-04
--> Best Model Saved.

                                                                                
[Epoch 103] Train: 0.09340 | Val: 0.07505 | LR: 2.48e-04

                                                                                
[Epoch 104] Train: 0.09357 | Val: 0.07445 | LR: 2.44e-04

                                                                                
[Epoch 105] Train: 0.09361 | Val: 0.07472 | LR: 2.40e-04

                                                                                
[Epoch 106] Train: 0.09355 | Val: 0.07473 | LR: 2.36e-04

                                                                                
[Epoch 107] Train: 0.09352 | Val: 0.07479 | LR: 2.32e-04

                                                                                
[Epoch 108] Train: 0.09354 | Val: 0.07440 | LR: 2.28e-04

                                                                                
[Epoch 109] Train: 0.09358 | Val: 0.07446 | LR: 2.24e-04

                                                                                
[Epoch 110] Train: 0.09343 | Val: 0.07417 | LR: 2.20e-04

                                                                                
[Epoch 111] Train: 0.09339 | Val: 0.07386 | LR: 2.16e-04
--> Best Model Saved.

                                                                                
[Epoch 112] Train: 0.09326 | Val: 0.07493 | LR: 2.12e-04

                                                                                
[Epoch 113] Train: 0.09310 | Val: 0.07434 | LR: 2.08e-04

                                                                                
[Epoch 114] Train: 0.09359 | Val: 0.07425 | LR: 2.05e-04

                                                                                
[Epoch 115] Train: 0.09301 | Val: 0.07430 | LR: 2.01e-04

                                                                                
[Epoch 116] Train: 0.09314 | Val: 0.07458 | LR: 1.97e-04

                                                                                
[Epoch 117] Train: 0.09272 | Val: 0.07482 | LR: 1.93e-04

                                                                                
[Epoch 118] Train: 0.09342 | Val: 0.07419 | LR: 1.89e-04

                                                                                
[Epoch 119] Train: 0.09345 | Val: 0.07440 | LR: 1.85e-04

                                                                                
[Epoch 120] Train: 0.09343 | Val: 0.07383 | LR: 1.81e-04
--> Best Model Saved.

                                                                                
[Epoch 121] Train: 0.09309 | Val: 0.07399 | LR: 1.77e-04

                                                                                
[Epoch 122] Train: 0.09328 | Val: 0.07437 | LR: 1.73e-04

                                                                                
[Epoch 123] Train: 0.09326 | Val: 0.07427 | LR: 1.70e-04

                                                                                
[Epoch 124] Train: 0.09307 | Val: 0.07415 | LR: 1.66e-04

                                                                                
[Epoch 125] Train: 0.09334 | Val: 0.07461 | LR: 1.62e-04

                                                                                
[Epoch 126] Train: 0.09338 | Val: 0.07401 | LR: 1.58e-04

                                                                                
[Epoch 127] Train: 0.09306 | Val: 0.07404 | LR: 1.55e-04

                                                                                
[Epoch 128] Train: 0.09334 | Val: 0.07363 | LR: 1.51e-04
--> Best Model Saved.

                                                                                
[Epoch 129] Train: 0.09307 | Val: 0.07394 | LR: 1.47e-04

                                                                                
[Epoch 130] Train: 0.09288 | Val: 0.07376 | LR: 1.44e-04

                                                                                
[Epoch 131] Train: 0.09301 | Val: 0.07353 | LR: 1.40e-04
--> Best Model Saved.

                                                                                
[Epoch 132] Train: 0.09275 | Val: 0.07387 | LR: 1.36e-04

                                                                                
[Epoch 133] Train: 0.09298 | Val: 0.07487 | LR: 1.33e-04

                                                                                
[Epoch 134] Train: 0.09302 | Val: 0.07388 | LR: 1.29e-04

                                                                                
[Epoch 135] Train: 0.09305 | Val: 0.07344 | LR: 1.26e-04
--> Best Model Saved.

                                                                                
[Epoch 136] Train: 0.09299 | Val: 0.07409 | LR: 1.22e-04

                                                                                
[Epoch 137] Train: 0.09290 | Val: 0.07396 | LR: 1.19e-04

                                                                                
[Epoch 138] Train: 0.09294 | Val: 0.07364 | LR: 1.15e-04

                                                                                
[Epoch 139] Train: 0.09279 | Val: 0.07377 | LR: 1.12e-04

                                                                                
[Epoch 140] Train: 0.09282 | Val: 0.07388 | LR: 1.09e-04

                                                                                
[Epoch 141] Train: 0.09277 | Val: 0.07345 | LR: 1.05e-04

                                                                                
[Epoch 142] Train: 0.09267 | Val: 0.07379 | LR: 1.02e-04

                                                                                
[Epoch 143] Train: 0.09260 | Val: 0.07419 | LR: 9.90e-05

                                                                                
[Epoch 144] Train: 0.09246 | Val: 0.07356 | LR: 9.58e-05

                                                                                
[Epoch 145] Train: 0.09281 | Val: 0.07334 | LR: 9.27e-05
--> Best Model Saved.

                                                                                
[Epoch 146] Train: 0.09236 | Val: 0.07375 | LR: 8.96e-05

                                                                                
[Epoch 147] Train: 0.09264 | Val: 0.07338 | LR: 8.66e-05

                                                                                
[Epoch 148] Train: 0.09249 | Val: 0.07339 | LR: 8.36e-05

                                                                                
[Epoch 149] Train: 0.09271 | Val: 0.07373 | LR: 8.06e-05

                                                                                
[Epoch 150] Train: 0.09248 | Val: 0.07384 | LR: 7.77e-05

                                                                                
[Epoch 151] Train: 0.09283 | Val: 0.07436 | LR: 7.48e-05

                                                                                
[Epoch 152] Train: 0.09271 | Val: 0.07347 | LR: 7.20e-05

                                                                                
[Epoch 153] Train: 0.09233 | Val: 0.07384 | LR: 6.92e-05

                                                                                
[Epoch 154] Train: 0.09279 | Val: 0.07305 | LR: 6.64e-05
--> Best Model Saved.

                                                                                
[Epoch 155] Train: 0.09251 | Val: 0.07329 | LR: 6.37e-05

                                                                                
[Epoch 156] Train: 0.09245 | Val: 0.07390 | LR: 6.11e-05

                                                                                
[Epoch 157] Train: 0.09233 | Val: 0.07249 | LR: 5.85e-05
--> Best Model Saved.

                                                                                
[Epoch 158] Train: 0.09232 | Val: 0.07402 | LR: 5.60e-05

                                                                                
[Epoch 159] Train: 0.09254 | Val: 0.07385 | LR: 5.35e-05

                                                                                
[Epoch 160] Train: 0.09257 | Val: 0.07349 | LR: 5.10e-05

                                                                                
[Epoch 161] Train: 0.09234 | Val: 0.07339 | LR: 4.87e-05

                                                                                
[Epoch 162] Train: 0.09264 | Val: 0.07305 | LR: 4.63e-05

                                                                                
[Epoch 163] Train: 0.09207 | Val: 0.07342 | LR: 4.40e-05

                                                                                
[Epoch 164] Train: 0.09214 | Val: 0.07343 | LR: 4.18e-05

                                                                                
[Epoch 165] Train: 0.09244 | Val: 0.07294 | LR: 3.96e-05

                                                                                
[Epoch 166] Train: 0.09273 | Val: 0.07271 | LR: 3.75e-05

                                                                                
[Epoch 167] Train: 0.09223 | Val: 0.07273 | LR: 3.54e-05

                                                                                
[Epoch 168] Train: 0.09225 | Val: 0.07363 | LR: 3.34e-05

                                                                                
[Epoch 169] Train: 0.09202 | Val: 0.07330 | LR: 3.15e-05

                                                                                
[Epoch 170] Train: 0.09214 | Val: 0.07312 | LR: 2.96e-05

                                                                                
[Epoch 171] Train: 0.09232 | Val: 0.07316 | LR: 2.77e-05

                                                                                
[Epoch 172] Train: 0.09233 | Val: 0.07324 | LR: 2.60e-05

                                                                                
[Epoch 173] Train: 0.09225 | Val: 0.07316 | LR: 2.42e-05

                                                                                
[Epoch 174] Train: 0.09254 | Val: 0.07273 | LR: 2.26e-05

                                                                                
[Epoch 175] Train: 0.09228 | Val: 0.07324 | LR: 2.10e-05

                                                                                
[Epoch 176] Train: 0.09246 | Val: 0.07299 | LR: 1.94e-05

                                                                                
[Epoch 177] Train: 0.09234 | Val: 0.07391 | LR: 1.79e-05
Early stopping triggered.
Training Finished.

--------------------------------------------------
[2025-12-08 11:59:13.709132] 执行结束，返回码: 0

