[2025-12-12 02:30:26.363612] 开始执行: D:\anaconda\envs\ljn\python.exe F:\LJN\bishe\bishe\Estimate\rIS2B_nakagmi_resnet_adjust\train_se.py
--------------------------------------------------
Building TimeResNet1D on cuda...
Start Training IS2B with TimeResNet1D...
Device: cuda, Epochs: 500, Batch Size: 256
Scheduler: ReduceLROnPlateau (Patience=3, Factor=0.8)

                                                                              
[Epoch 1] Train Loss: 0.416190 | Val Loss: 0.342172 | LR: 2.00e-04
--> Best Model Saved.

                                                                              
[Epoch 2] Train Loss: 0.333340 | Val Loss: 0.322874 | LR: 2.00e-04
--> Best Model Saved.

                                                                              
[Epoch 3] Train Loss: 0.314616 | Val Loss: 0.308659 | LR: 2.00e-04
--> Best Model Saved.

                                                                              
[Epoch 4] Train Loss: 0.307141 | Val Loss: 0.298660 | LR: 2.00e-04
--> Best Model Saved.

                                                                              
[Epoch 5] Train Loss: 0.300270 | Val Loss: 0.293294 | LR: 2.00e-04
--> Best Model Saved.

                                                                              
[Epoch 6] Train Loss: 0.296847 | Val Loss: 0.290133 | LR: 2.00e-04
--> Best Model Saved.

                                                                              
[Epoch 7] Train Loss: 0.292428 | Val Loss: 0.285305 | LR: 2.00e-04
--> Best Model Saved.

                                                                              
[Epoch 8] Train Loss: 0.289804 | Val Loss: 0.283151 | LR: 2.00e-04
--> Best Model Saved.

                                                                              
[Epoch 9] Train Loss: 0.285594 | Val Loss: 0.280085 | LR: 2.00e-04
--> Best Model Saved.

                                                                               
[Epoch 10] Train Loss: 0.284397 | Val Loss: 0.279838 | LR: 2.00e-04
--> Best Model Saved.

                                                                               
[Epoch 11] Train Loss: 0.281828 | Val Loss: 0.276056 | LR: 2.00e-04
--> Best Model Saved.

                                                                               
[Epoch 12] Train Loss: 0.280451 | Val Loss: 0.275875 | LR: 2.00e-04
--> Best Model Saved.

                                                                               
[Epoch 13] Train Loss: 0.279694 | Val Loss: 0.272546 | LR: 2.00e-04
--> Best Model Saved.

                                                                               
[Epoch 14] Train Loss: 0.277386 | Val Loss: 0.274042 | LR: 2.00e-04

                                                                               
[Epoch 15] Train Loss: 0.276565 | Val Loss: 0.279022 | LR: 2.00e-04

                                                                               
[Epoch 16] Train Loss: 0.275532 | Val Loss: 0.274412 | LR: 2.00e-04

                                                                               
[Epoch 17] Train Loss: 0.275233 | Val Loss: 0.275743 | LR: 1.60e-04

                                                                               
[Epoch 18] Train Loss: 0.272891 | Val Loss: 0.268888 | LR: 1.60e-04
--> Best Model Saved.

                                                                               
[Epoch 19] Train Loss: 0.272127 | Val Loss: 0.269167 | LR: 1.60e-04

                                                                               
[Epoch 20] Train Loss: 0.271943 | Val Loss: 0.265651 | LR: 1.60e-04
--> Best Model Saved.

                                                                               
[Epoch 21] Train Loss: 0.269911 | Val Loss: 0.270688 | LR: 1.60e-04

                                                                               
[Epoch 22] Train Loss: 0.269592 | Val Loss: 0.268405 | LR: 1.60e-04

                                                                               
[Epoch 23] Train Loss: 0.269321 | Val Loss: 0.268708 | LR: 1.60e-04

                                                                               
[Epoch 24] Train Loss: 0.269249 | Val Loss: 0.266267 | LR: 1.28e-04

                                                                               
[Epoch 25] Train Loss: 0.267757 | Val Loss: 0.265993 | LR: 1.28e-04

                                                                               
[Epoch 26] Train Loss: 0.266252 | Val Loss: 0.263421 | LR: 1.28e-04
--> Best Model Saved.

                                                                               
[Epoch 27] Train Loss: 0.266610 | Val Loss: 0.265273 | LR: 1.28e-04

                                                                               
[Epoch 28] Train Loss: 0.266792 | Val Loss: 0.263420 | LR: 1.28e-04
--> Best Model Saved.

                                                                               
[Epoch 29] Train Loss: 0.267043 | Val Loss: 0.267992 | LR: 1.28e-04

                                                                               
[Epoch 30] Train Loss: 0.266080 | Val Loss: 0.262454 | LR: 1.28e-04
--> Best Model Saved.

                                                                               
[Epoch 31] Train Loss: 0.265943 | Val Loss: 0.261780 | LR: 1.28e-04
--> Best Model Saved.

                                                                               
[Epoch 32] Train Loss: 0.265477 | Val Loss: 0.262068 | LR: 1.28e-04

                                                                               
[Epoch 33] Train Loss: 0.264197 | Val Loss: 0.262168 | LR: 1.28e-04

                                                                               
[Epoch 34] Train Loss: 0.264603 | Val Loss: 0.262973 | LR: 1.28e-04

                                                                               
[Epoch 35] Train Loss: 0.264695 | Val Loss: 0.263683 | LR: 1.02e-04

                                                                               
[Epoch 36] Train Loss: 0.264636 | Val Loss: 0.259117 | LR: 1.02e-04
--> Best Model Saved.

                                                                               
[Epoch 37] Train Loss: 0.264065 | Val Loss: 0.264220 | LR: 1.02e-04

                                                                               
[Epoch 38] Train Loss: 0.263009 | Val Loss: 0.262428 | LR: 1.02e-04

                                                                               
[Epoch 39] Train Loss: 0.262620 | Val Loss: 0.263354 | LR: 1.02e-04

                                                                               
[Epoch 40] Train Loss: 0.262317 | Val Loss: 0.259090 | LR: 1.02e-04
--> Best Model Saved.

                                                                               
[Epoch 41] Train Loss: 0.262277 | Val Loss: 0.259290 | LR: 1.02e-04

                                                                               
[Epoch 42] Train Loss: 0.262436 | Val Loss: 0.260157 | LR: 1.02e-04

                                                                               
[Epoch 43] Train Loss: 0.263135 | Val Loss: 0.260346 | LR: 1.02e-04

                                                                               
[Epoch 44] Train Loss: 0.261912 | Val Loss: 0.261215 | LR: 8.19e-05

                                                                               
[Epoch 45] Train Loss: 0.261994 | Val Loss: 0.260046 | LR: 8.19e-05

                                                                               
[Epoch 46] Train Loss: 0.260930 | Val Loss: 0.261649 | LR: 8.19e-05

                                                                               
[Epoch 47] Train Loss: 0.260215 | Val Loss: 0.257699 | LR: 8.19e-05
--> Best Model Saved.

                                                                               
[Epoch 48] Train Loss: 0.260805 | Val Loss: 0.262268 | LR: 8.19e-05

                                                                               
[Epoch 49] Train Loss: 0.260242 | Val Loss: 0.256512 | LR: 8.19e-05
--> Best Model Saved.

                                                                               
[Epoch 50] Train Loss: 0.258781 | Val Loss: 0.258342 | LR: 8.19e-05

                                                                               
[Epoch 51] Train Loss: 0.260097 | Val Loss: 0.258651 | LR: 8.19e-05

                                                                               
[Epoch 52] Train Loss: 0.259983 | Val Loss: 0.257874 | LR: 8.19e-05

                                                                               
[Epoch 53] Train Loss: 0.259577 | Val Loss: 0.259144 | LR: 6.55e-05

                                                                               
[Epoch 54] Train Loss: 0.259357 | Val Loss: 0.257891 | LR: 6.55e-05

                                                                               
[Epoch 55] Train Loss: 0.258420 | Val Loss: 0.258506 | LR: 6.55e-05

                                                                               
[Epoch 56] Train Loss: 0.259210 | Val Loss: 0.256218 | LR: 6.55e-05
--> Best Model Saved.

                                                                               
[Epoch 57] Train Loss: 0.259348 | Val Loss: 0.257148 | LR: 6.55e-05

                                                                               
[Epoch 58] Train Loss: 0.259130 | Val Loss: 0.258778 | LR: 6.55e-05

                                                                               
[Epoch 59] Train Loss: 0.259432 | Val Loss: 0.256305 | LR: 6.55e-05

                                                                               
[Epoch 60] Train Loss: 0.258214 | Val Loss: 0.259073 | LR: 5.24e-05

                                                                               
[Epoch 61] Train Loss: 0.258300 | Val Loss: 0.256964 | LR: 5.24e-05

                                                                               
[Epoch 62] Train Loss: 0.258041 | Val Loss: 0.256657 | LR: 5.24e-05

                                                                               
[Epoch 63] Train Loss: 0.257821 | Val Loss: 0.255246 | LR: 5.24e-05
--> Best Model Saved.

                                                                               
[Epoch 64] Train Loss: 0.256270 | Val Loss: 0.257489 | LR: 5.24e-05

                                                                               
[Epoch 65] Train Loss: 0.258595 | Val Loss: 0.255271 | LR: 5.24e-05

                                                                               
[Epoch 66] Train Loss: 0.256955 | Val Loss: 0.256902 | LR: 5.24e-05

                                                                               
[Epoch 67] Train Loss: 0.256912 | Val Loss: 0.257879 | LR: 4.19e-05

                                                                               
[Epoch 68] Train Loss: 0.255954 | Val Loss: 0.254188 | LR: 4.19e-05
--> Best Model Saved.

                                                                               
[Epoch 69] Train Loss: 0.255800 | Val Loss: 0.253858 | LR: 4.19e-05
--> Best Model Saved.

                                                                               
[Epoch 70] Train Loss: 0.256843 | Val Loss: 0.256193 | LR: 4.19e-05

                                                                               
[Epoch 71] Train Loss: 0.257151 | Val Loss: 0.257329 | LR: 4.19e-05

                                                                               
[Epoch 72] Train Loss: 0.257013 | Val Loss: 0.254118 | LR: 4.19e-05

                                                                               
[Epoch 73] Train Loss: 0.257278 | Val Loss: 0.256598 | LR: 3.36e-05

                                                                               
[Epoch 74] Train Loss: 0.257205 | Val Loss: 0.255186 | LR: 3.36e-05

                                                                               
[Epoch 75] Train Loss: 0.256127 | Val Loss: 0.256463 | LR: 3.36e-05

                                                                               
[Epoch 76] Train Loss: 0.256142 | Val Loss: 0.253448 | LR: 3.36e-05
--> Best Model Saved.

                                                                               
[Epoch 77] Train Loss: 0.255504 | Val Loss: 0.255939 | LR: 3.36e-05

                                                                               
[Epoch 78] Train Loss: 0.255630 | Val Loss: 0.254540 | LR: 3.36e-05

                                                                               
[Epoch 79] Train Loss: 0.256843 | Val Loss: 0.255130 | LR: 3.36e-05

                                                                               
[Epoch 80] Train Loss: 0.256691 | Val Loss: 0.251207 | LR: 3.36e-05
--> Best Model Saved.

                                                                               
[Epoch 81] Train Loss: 0.256715 | Val Loss: 0.255977 | LR: 3.36e-05

                                                                               
[Epoch 82] Train Loss: 0.256707 | Val Loss: 0.255423 | LR: 3.36e-05

                                                                               
[Epoch 83] Train Loss: 0.255856 | Val Loss: 0.255549 | LR: 3.36e-05

                                                                               
[Epoch 84] Train Loss: 0.256070 | Val Loss: 0.255611 | LR: 2.68e-05

                                                                               
[Epoch 85] Train Loss: 0.255730 | Val Loss: 0.255347 | LR: 2.68e-05

                                                                               
[Epoch 86] Train Loss: 0.255323 | Val Loss: 0.251926 | LR: 2.68e-05

                                                                               
[Epoch 87] Train Loss: 0.255713 | Val Loss: 0.251961 | LR: 2.68e-05

                                                                               
[Epoch 88] Train Loss: 0.255466 | Val Loss: 0.257527 | LR: 2.15e-05

                                                                               
[Epoch 89] Train Loss: 0.256746 | Val Loss: 0.254527 | LR: 2.15e-05

                                                                               
[Epoch 90] Train Loss: 0.255214 | Val Loss: 0.254509 | LR: 2.15e-05
Early stopping triggered after 10 epochs.
Training Finished.

--------------------------------------------------
[2025-12-12 03:57:11.132572] 执行结束，返回码: 0

